<?xml version="1.0" encoding="UTF-8"?>
<robot generator="Robot 4.0.3 (Python 3.9.6 on win32)" generated="20210725 15:10:12.076" rpa="false" schemaversion="2">
<suite id="s1" name="TXTFile" source="C:\Users\AnwarQ\Desktop\RIDE Files\TXTFile">
<kw name="Custom Setup" type="SETUP">
<kw name="Log" library="BuiltIn">
<arg>setting up</arg>
<doc>Logs the given message with the given level.</doc>
<msg timestamp="20210725 15:10:12.107" level="INFO">setting up</msg>
<status status="PASS" starttime="20210725 15:10:12.107" endtime="20210725 15:10:12.107"/>
</kw>
<status status="PASS" starttime="20210725 15:10:12.107" endtime="20210725 15:10:12.107"/>
</kw>
<suite id="s1-s1" name="Test Suite 1" source="C:\Users\AnwarQ\Desktop\RIDE Files\TXTFile\Test_Suite_1.robot">
<test id="s1-s1-t1" name="Test Case 1">
<kw name="Custom Setup" type="SETUP">
<kw name="Get File" library="OperatingSystem">
<var>${content}</var>
<arg>${fileName}</arg>
<doc>Returns the contents of a specified file.</doc>
<msg timestamp="20210725 15:10:12.107" level="INFO" html="true">Getting file '&lt;a href="file://C:\Users\AnwarQ\Desktop\RIDE Files\TXTFile\temptxt.txt"&gt;C:\Users\AnwarQ\Desktop\RIDE Files\TXTFile\temptxt.txt&lt;/a&gt;'.</msg>
<msg timestamp="20210725 15:10:12.107" level="INFO">${content} = Hellooo my name is anwar anwar anwar anwar</msg>
<status status="PASS" starttime="20210725 15:10:12.107" endtime="20210725 15:10:12.107"/>
</kw>
<kw name="Set Test Variable" library="BuiltIn">
<arg>${content}</arg>
<doc>Makes a variable available everywhere within the scope of the current test.</doc>
<msg timestamp="20210725 15:10:12.107" level="INFO">${content} = Hellooo my name is anwar anwar anwar anwar</msg>
<status status="PASS" starttime="20210725 15:10:12.107" endtime="20210725 15:10:12.107"/>
</kw>
<status status="PASS" starttime="20210725 15:10:12.107" endtime="20210725 15:10:12.107"/>
</kw>
<kw name="Log" library="BuiltIn">
<arg>${content}</arg>
<doc>Logs the given message with the given level.</doc>
<msg timestamp="20210725 15:10:12.107" level="INFO">Hellooo my name is anwar anwar anwar anwar</msg>
<status status="PASS" starttime="20210725 15:10:12.107" endtime="20210725 15:10:12.107"/>
</kw>
<kw name="Custom Teardown" type="TEARDOWN">
<kw name="Log" library="BuiltIn">
<arg>test tear down</arg>
<doc>Logs the given message with the given level.</doc>
<msg timestamp="20210725 15:10:12.107" level="INFO">test tear down</msg>
<status status="PASS" starttime="20210725 15:10:12.107" endtime="20210725 15:10:12.107"/>
</kw>
<status status="PASS" starttime="20210725 15:10:12.107" endtime="20210725 15:10:12.107"/>
</kw>
<status status="PASS" starttime="20210725 15:10:12.107" endtime="20210725 15:10:12.107"/>
</test>
<test id="s1-s1-t2" name="Test Case 2">
<kw name="Custom Setup" type="SETUP">
<kw name="Get File" library="OperatingSystem">
<var>${content}</var>
<arg>${fileName}</arg>
<doc>Returns the contents of a specified file.</doc>
<msg timestamp="20210725 15:10:12.107" level="INFO" html="true">Getting file '&lt;a href="file://C:\Users\AnwarQ\Desktop\RIDE Files\TXTFile\temptxt.txt"&gt;C:\Users\AnwarQ\Desktop\RIDE Files\TXTFile\temptxt.txt&lt;/a&gt;'.</msg>
<msg timestamp="20210725 15:10:12.107" level="INFO">${content} = Hellooo my name is anwar anwar anwar anwar</msg>
<status status="PASS" starttime="20210725 15:10:12.107" endtime="20210725 15:10:12.107"/>
</kw>
<kw name="Set Test Variable" library="BuiltIn">
<arg>${content}</arg>
<doc>Makes a variable available everywhere within the scope of the current test.</doc>
<msg timestamp="20210725 15:10:12.107" level="INFO">${content} = Hellooo my name is anwar anwar anwar anwar</msg>
<status status="PASS" starttime="20210725 15:10:12.107" endtime="20210725 15:10:12.107"/>
</kw>
<status status="PASS" starttime="20210725 15:10:12.107" endtime="20210725 15:10:12.107"/>
</kw>
<kw name="Verify file not empty and contains the keyword">
<kw name="Should Not Be Empty" library="BuiltIn">
<arg>${content}</arg>
<doc>Verifies that the given item is not empty.</doc>
<msg timestamp="20210725 15:10:12.107" level="INFO">Length is 42</msg>
<status status="PASS" starttime="20210725 15:10:12.107" endtime="20210725 15:10:12.107"/>
</kw>
<kw name="Should Contain" library="BuiltIn">
<arg>${content}</arg>
<arg>${searchFor}</arg>
<doc>Fails if ``container`` does not contain ``item`` one or more times.</doc>
<status status="PASS" starttime="20210725 15:10:12.107" endtime="20210725 15:10:12.107"/>
</kw>
<status status="PASS" starttime="20210725 15:10:12.107" endtime="20210725 15:10:12.107"/>
</kw>
<kw name="Custom Teardown" type="TEARDOWN">
<kw name="Log" library="BuiltIn">
<arg>test tear down</arg>
<doc>Logs the given message with the given level.</doc>
<msg timestamp="20210725 15:10:12.107" level="INFO">test tear down</msg>
<status status="PASS" starttime="20210725 15:10:12.107" endtime="20210725 15:10:12.107"/>
</kw>
<status status="PASS" starttime="20210725 15:10:12.107" endtime="20210725 15:10:12.107"/>
</kw>
<status status="PASS" starttime="20210725 15:10:12.107" endtime="20210725 15:10:12.107"/>
</test>
<test id="s1-s1-t3" name="Test Case 3">
<kw name="Custom Setup" type="SETUP">
<kw name="Get File" library="OperatingSystem">
<var>${content}</var>
<arg>${fileName}</arg>
<doc>Returns the contents of a specified file.</doc>
<msg timestamp="20210725 15:10:12.123" level="INFO" html="true">Getting file '&lt;a href="file://C:\Users\AnwarQ\Desktop\RIDE Files\TXTFile\temptxt.txt"&gt;C:\Users\AnwarQ\Desktop\RIDE Files\TXTFile\temptxt.txt&lt;/a&gt;'.</msg>
<msg timestamp="20210725 15:10:12.123" level="INFO">${content} = Hellooo my name is anwar anwar anwar anwar</msg>
<status status="PASS" starttime="20210725 15:10:12.123" endtime="20210725 15:10:12.123"/>
</kw>
<kw name="Set Test Variable" library="BuiltIn">
<arg>${content}</arg>
<doc>Makes a variable available everywhere within the scope of the current test.</doc>
<msg timestamp="20210725 15:10:12.123" level="INFO">${content} = Hellooo my name is anwar anwar anwar anwar</msg>
<status status="PASS" starttime="20210725 15:10:12.123" endtime="20210725 15:10:12.123"/>
</kw>
<status status="PASS" starttime="20210725 15:10:12.123" endtime="20210725 15:10:12.123"/>
</kw>
<kw name="Get File Size" library="OperatingSystem">
<arg>${fileName}</arg>
<doc>Returns and logs file size as an integer in bytes.</doc>
<msg timestamp="20210725 15:10:12.123" level="INFO" html="true">Size of file '&lt;a href="file://C:\Users\AnwarQ\Desktop\RIDE Files\TXTFile\temptxt.txt"&gt;C:\Users\AnwarQ\Desktop\RIDE Files\TXTFile\temptxt.txt&lt;/a&gt;' is 42 bytes.</msg>
<status status="PASS" starttime="20210725 15:10:12.123" endtime="20210725 15:10:12.123"/>
</kw>
<kw name="Custom Teardown" type="TEARDOWN">
<kw name="Log" library="BuiltIn">
<arg>test tear down</arg>
<doc>Logs the given message with the given level.</doc>
<msg timestamp="20210725 15:10:12.123" level="INFO">test tear down</msg>
<status status="PASS" starttime="20210725 15:10:12.123" endtime="20210725 15:10:12.123"/>
</kw>
<status status="PASS" starttime="20210725 15:10:12.123" endtime="20210725 15:10:12.123"/>
</kw>
<status status="PASS" starttime="20210725 15:10:12.107" endtime="20210725 15:10:12.123"/>
</test>
<test id="s1-s1-t4" name="Test Case 5">
<kw name="Custom Setup" type="SETUP">
<kw name="Get File" library="OperatingSystem">
<var>${content}</var>
<arg>${fileName}</arg>
<doc>Returns the contents of a specified file.</doc>
<msg timestamp="20210725 15:10:12.123" level="INFO" html="true">Getting file '&lt;a href="file://C:\Users\AnwarQ\Desktop\RIDE Files\TXTFile\temptxt.txt"&gt;C:\Users\AnwarQ\Desktop\RIDE Files\TXTFile\temptxt.txt&lt;/a&gt;'.</msg>
<msg timestamp="20210725 15:10:12.123" level="INFO">${content} = Hellooo my name is anwar anwar anwar anwar</msg>
<status status="PASS" starttime="20210725 15:10:12.123" endtime="20210725 15:10:12.123"/>
</kw>
<kw name="Set Test Variable" library="BuiltIn">
<arg>${content}</arg>
<doc>Makes a variable available everywhere within the scope of the current test.</doc>
<msg timestamp="20210725 15:10:12.123" level="INFO">${content} = Hellooo my name is anwar anwar anwar anwar</msg>
<status status="PASS" starttime="20210725 15:10:12.123" endtime="20210725 15:10:12.123"/>
</kw>
<status status="PASS" starttime="20210725 15:10:12.123" endtime="20210725 15:10:12.123"/>
</kw>
<kw name="Open file and read count and verify that it is four">
<kw name="Get Count" library="BuiltIn">
<arg>${content}</arg>
<arg>${searchFor}</arg>
<doc>Returns and logs how many times ``item`` is found from ``container``.</doc>
<msg timestamp="20210725 15:10:12.123" level="INFO">Item found from container 4 times.</msg>
<status status="PASS" starttime="20210725 15:10:12.123" endtime="20210725 15:10:12.123"/>
</kw>
<kw name="Should Contain X Times" library="BuiltIn">
<arg>${content}</arg>
<arg>anwar</arg>
<arg>4</arg>
<doc>Fails if ``container`` does not contain ``item`` ``count`` times.</doc>
<msg timestamp="20210725 15:10:12.123" level="INFO">Item found from container 4 times.</msg>
<status status="PASS" starttime="20210725 15:10:12.123" endtime="20210725 15:10:12.123"/>
</kw>
<status status="PASS" starttime="20210725 15:10:12.123" endtime="20210725 15:10:12.123"/>
</kw>
<kw name="Custom Teardown" type="TEARDOWN">
<kw name="Log" library="BuiltIn">
<arg>test tear down</arg>
<doc>Logs the given message with the given level.</doc>
<msg timestamp="20210725 15:10:12.123" level="INFO">test tear down</msg>
<status status="PASS" starttime="20210725 15:10:12.123" endtime="20210725 15:10:12.123"/>
</kw>
<status status="PASS" starttime="20210725 15:10:12.123" endtime="20210725 15:10:12.123"/>
</kw>
<status status="PASS" starttime="20210725 15:10:12.123" endtime="20210725 15:10:12.123"/>
</test>
<status status="PASS" starttime="20210725 15:10:12.107" endtime="20210725 15:10:12.123"/>
</suite>
<kw name="Custom Teardown" type="TEARDOWN">
<kw name="Log" library="BuiltIn">
<arg>tearing down</arg>
<doc>Logs the given message with the given level.</doc>
<msg timestamp="20210725 15:10:12.123" level="INFO">tearing down</msg>
<status status="PASS" starttime="20210725 15:10:12.123" endtime="20210725 15:10:12.123"/>
</kw>
<status status="PASS" starttime="20210725 15:10:12.123" endtime="20210725 15:10:12.123"/>
</kw>
<status status="PASS" starttime="20210725 15:10:12.076" endtime="20210725 15:10:12.123"/>
</suite>
<statistics>
<total>
<stat pass="4" fail="0" skip="0">All Tests</stat>
</total>
<tag>
</tag>
<suite>
<stat pass="4" fail="0" skip="0" id="s1" name="TXTFile">TXTFile</stat>
<stat pass="4" fail="0" skip="0" id="s1-s1" name="Test Suite 1">TXTFile.Test Suite 1</stat>
</suite>
</statistics>
<errors>
</errors>
</robot>
